<?xml version="1.0" encoding="UTF-8"?>
<!-- Generated by org.testng.reporters.JUnitReportReporter -->
<testsuite skipped="0" hostname="USVAWXMCS0677" name="com.crm.qa.testcases.HomePageTest" tests="3" failures="0" timestamp="2021-07-16T21:54:58 IST" time="36.128" errors="0">
  <testcase name="verifyHomePageTitleTest" time="8.228" classname="com.crm.qa.testcases.HomePageTest"/>
  <system-out/>
  <testcase name="verifyUserNameLableTest" time="11.013" classname="com.crm.qa.testcases.HomePageTest"/>
  <system-out/>
  <testcase name="verifyContactLinkTest" time="16.887" classname="com.crm.qa.testcases.HomePageTest"/>
  <system-out/>
</testsuite> <!-- com.crm.qa.testcases.HomePageTest -->
