<?xml version="1.0" encoding="UTF-8"?>
<!-- Generated by org.testng.reporters.JUnitReportReporter -->
<testsuite skipped="0" hostname="USVAWXMCS0608" name="com.evolve.qa.testcases.NamaSpacePageTest" tests="1" failures="0" timestamp="2021-06-21T00:49:51 IST" time="29.759" errors="0">
  <testcase name="loginPage" time="29.759" classname="com.evolve.qa.testcases.NamaSpacePageTest"/>
  <system-out/>
</testsuite> <!-- com.evolve.qa.testcases.NamaSpacePageTest -->
