<?xml version="1.0" encoding="UTF-8"?>
<!-- Generated by org.testng.reporters.JUnitReportReporter -->
<testsuite skipped="0" hostname="USVAWXMCS0677" name="com.crm.qa.testcases.LoginPageTest" tests="3" failures="0" timestamp="2021-07-16T21:54:58 IST" time="32.148" errors="0">
  <testcase name="loginPageTitleTest" time="15.044" classname="com.crm.qa.testcases.LoginPageTest"/>
  <system-out/>
  <testcase name="loginPageLogoTest" time="8.826" classname="com.crm.qa.testcases.LoginPageTest"/>
  <system-out/>
  <testcase name="loginTest" time="8.278" classname="com.crm.qa.testcases.LoginPageTest"/>
  <system-out/>
</testsuite> <!-- com.crm.qa.testcases.LoginPageTest -->
